<?xml version="1.0" encoding="UTF-8"?>
<!-- Generated by org.testng.reporters.JUnitXMLReporter -->
<testsuite hostname="admin-PC" ignored="5" name="Fleet Management" tests="27" failures="0" timestamp="24 May 2017 07:38:53 GMT" time="29.228" errors="0">
  <testcase name="validUserNameAndInvalidPass" time="1.923" classname="org.shiksha.fleet.feature.loginPageTestCaseScript"/>
  <testcase name="invalidUserNameAndValidPass" time="1.429" classname="org.shiksha.fleet.feature.loginPageTestCaseScript"/>
  <testcase name="validUserNameAndEmptyPass" time="0.362" classname="org.shiksha.fleet.feature.loginPageTestCaseScript"/>
  <testcase name="emptyUserNameAndValidPass" time="0.258" classname="org.shiksha.fleet.feature.loginPageTestCaseScript"/>
  <testcase name="wrongUserNameAndWrongPass" time="1.509" classname="org.shiksha.fleet.feature.loginPageTestCaseScript"/>
  <testcase name="emptyUserNameAndEmptyPass" time="0.421" classname="org.shiksha.fleet.feature.loginPageTestCaseScript"/>
  <testcase name="clickForgotLink" time="0.119" classname="org.shiksha.fleet.feature.loginPageTestCaseScript"/>
  <testcase name="provideUserDigitbutNotMobileNumber" time="1.095" classname="org.shiksha.fleet.feature.loginPageTestCaseScript"/>
  <testcase name="provideEmailInUserNamebutNotMobileNumber" time="0.368" classname="org.shiksha.fleet.feature.loginPageTestCaseScript"/>
  <testcase name="provideNumericInUserNamebutNotMobileNumber" time="0.284" classname="org.shiksha.fleet.feature.loginPageTestCaseScript"/>
  <testcase name="provideCorrectUserNamebutNotMobileNumber" time="0.35" classname="org.shiksha.fleet.feature.loginPageTestCaseScript"/>
  <testcase name="provideCorrectUserNameAndWrongMobileNumnber" time="0.898" classname="org.shiksha.fleet.feature.loginPageTestCaseScript"/>
  <testcase name="provideEmptyUserNameAndCorrectMobileNumber" time="0.385" classname="org.shiksha.fleet.feature.loginPageTestCaseScript"/>
  <testcase name="provideWrongUserNameAndWrongMobileNumber" time="0.905" classname="org.shiksha.fleet.feature.loginPageTestCaseScript"/>
  <testcase name="provideEmptyUserNameAndEmptyMobileNumber" time="0.35" classname="org.shiksha.fleet.feature.loginPageTestCaseScript"/>
  <testcase name="clearUserNameAndPassword" time="0.213" classname="org.shiksha.fleet.feature.loginPageTestCaseScript"/>
  <testcase name="CloseForgot" time="0.106" classname="org.shiksha.fleet.feature.loginPageTestCaseScript"/>
  <testcase name="validUserNameAndValidPass" time="5.008" classname="org.shiksha.fleet.feature.loginPageTestCaseScript"/>
  <testcase name="verifySizeHomeDropDownMenu" time="1.593" classname="org.shiksha.fleet.feature.homePageTestCases"/>
  <testcase name="clickDashboard" time="1.235" classname="org.shiksha.fleet.feature.homePageTestCases"/>
  <testcase name="verifyTotalEmpReport" time="0.723" classname="org.shiksha.fleet.feature.homePageTestCases"/>
  <testcase name="verifyFemaleTotalEmpReport" time="0.152" classname="org.shiksha.fleet.feature.homePageTestCases"/>
  <testcase name="verifyBusReport" time="1.236" classname="org.shiksha.fleet.feature.homePageTestCases"/>
  <testcase name="verifyShiftSummeryReport" time="0.061" classname="org.shiksha.fleet.feature.homePageTestCases"/>
  <testcase name="verifyScheduleSummeryReport" time="0.061" classname="org.shiksha.fleet.feature.homePageTestCases"/>
  <testcase name="checkTraceFleetPage" time="4.447" classname="org.shiksha.fleet.feature.traceFleetTestCases"/>
  <testcase name="checkFiledDetails" time="0.207" classname="org.shiksha.fleet.feature.traceFleetTestCases"/>
  <testcase name="@BeforeSuite beforeSuite" time="0.0" classname="org.shiksha.fleet.Main.testBase">
    <ignored/>
  </testcase> <!-- @BeforeSuite beforeSuite -->
  <testcase name="@BeforeSuite beforeSuite" time="0.0" classname="org.shiksha.fleet.Main.testBase">
    <ignored/>
  </testcase> <!-- @BeforeSuite beforeSuite -->
  <testcase name="@AfterSuite afterMethod" time="0.0" classname="org.shiksha.fleet.Main.testBase">
    <ignored/>
  </testcase> <!-- @AfterSuite afterMethod -->
  <testcase name="@AfterSuite afterMethod" time="0.0" classname="org.shiksha.fleet.Main.testBase">
    <ignored/>
  </testcase> <!-- @AfterSuite afterMethod -->
  <testcase name="provideCorrectUserNameAndCorrectMobileNumber" time="0.0" classname="org.shiksha.fleet.feature.loginPageTestCaseScript">
    <ignored/>
  </testcase> <!-- provideCorrectUserNameAndCorrectMobileNumber -->
</testsuite> <!-- Fleet Management -->
