<?xml version="1.0" encoding="UTF-8"?>
<testng-results skipped="0" failed="1" ignored="1" total="20" passed="18">
  <reporter-output>
  </reporter-output>
  <suite name="Default suite" duration-ms="11880" started-at="2017-05-18T10:06:49Z" finished-at="2017-05-18T10:07:01Z">
    <groups>
    </groups>
    <test name="Default test" duration-ms="11880" started-at="2017-05-18T10:06:49Z" finished-at="2017-05-18T10:07:01Z">
      <class name="testcase.loginPageTestCaseScript">
        <test-method status="PASS" signature="beforeMethod()[pri:0, instance:testcase.loginPageTestCaseScript@604ed9f0]" name="beforeMethod" is-config="true" duration-ms="10988" started-at="2017-05-18T15:36:38Z" finished-at="2017-05-18T15:36:49Z">
          <reporter-output>
          </reporter-output>
        </test-method> <!-- beforeMethod -->
        <test-method status="PASS" signature="validUserNameAndInvalidPass()[pri:1, instance:testcase.loginPageTestCaseScript@604ed9f0]" name="validUserNameAndInvalidPass" duration-ms="2096" started-at="2017-05-18T15:36:49Z" finished-at="2017-05-18T15:36:51Z">
          <reporter-output>
          </reporter-output>
        </test-method> <!-- validUserNameAndInvalidPass -->
        <test-method status="PASS" signature="invalidUserNameAndValidPass()[pri:2, instance:testcase.loginPageTestCaseScript@604ed9f0]" name="invalidUserNameAndValidPass" duration-ms="1428" started-at="2017-05-18T15:36:51Z" finished-at="2017-05-18T15:36:53Z">
          <reporter-output>
          </reporter-output>
        </test-method> <!-- invalidUserNameAndValidPass -->
        <test-method status="PASS" signature="validUserNameAndEmptyPass()[pri:3, instance:testcase.loginPageTestCaseScript@604ed9f0]" name="validUserNameAndEmptyPass" duration-ms="388" started-at="2017-05-18T15:36:53Z" finished-at="2017-05-18T15:36:53Z">
          <reporter-output>
          </reporter-output>
        </test-method> <!-- validUserNameAndEmptyPass -->
        <test-method status="PASS" signature="emptyUserNameAndValidPass()[pri:4, instance:testcase.loginPageTestCaseScript@604ed9f0]" name="emptyUserNameAndValidPass" duration-ms="248" started-at="2017-05-18T15:36:53Z" description="Empty UserName and valid Password" finished-at="2017-05-18T15:36:53Z">
          <reporter-output>
          </reporter-output>
        </test-method> <!-- emptyUserNameAndValidPass -->
        <test-method status="PASS" signature="wrongUserNameAndWrongPass()[pri:5, instance:testcase.loginPageTestCaseScript@604ed9f0]" name="wrongUserNameAndWrongPass" duration-ms="1463" started-at="2017-05-18T15:36:53Z" description="Wrong UserName and Wrong Password" finished-at="2017-05-18T15:36:55Z">
          <reporter-output>
          </reporter-output>
        </test-method> <!-- wrongUserNameAndWrongPass -->
        <test-method status="PASS" signature="emptyUserNameAndEmptyPass()[pri:6, instance:testcase.loginPageTestCaseScript@604ed9f0]" name="emptyUserNameAndEmptyPass" duration-ms="436" started-at="2017-05-18T15:36:55Z" description="Empty UserName and Empty Password" finished-at="2017-05-18T15:36:55Z">
          <reporter-output>
          </reporter-output>
        </test-method> <!-- emptyUserNameAndEmptyPass -->
        <test-method status="PASS" signature="clickForgotLink()[pri:7, instance:testcase.loginPageTestCaseScript@604ed9f0]" name="clickForgotLink" duration-ms="131" started-at="2017-05-18T15:36:55Z" description="Click on Forgot Link" finished-at="2017-05-18T15:36:55Z">
          <reporter-output>
          </reporter-output>
        </test-method> <!-- clickForgotLink -->
        <test-method status="PASS" signature="provideUserDigitbutNotMobileNumber()[pri:8, instance:testcase.loginPageTestCaseScript@604ed9f0]" name="provideUserDigitbutNotMobileNumber" duration-ms="1103" started-at="2017-05-18T15:36:55Z" description="Provide digit Value as UserName but not Mobile Number then click Submit Button" finished-at="2017-05-18T15:36:57Z">
          <reporter-output>
          </reporter-output>
        </test-method> <!-- provideUserDigitbutNotMobileNumber -->
        <test-method status="PASS" signature="provideEmailInUserNamebutNotMobileNumber()[pri:9, instance:testcase.loginPageTestCaseScript@604ed9f0]" name="provideEmailInUserNamebutNotMobileNumber" duration-ms="548" started-at="2017-05-18T15:36:57Z" description="Provide Email As UserName but not Mobile Number then click Submit Button" finished-at="2017-05-18T15:36:57Z">
          <reporter-output>
          </reporter-output>
        </test-method> <!-- provideEmailInUserNamebutNotMobileNumber -->
        <test-method status="PASS" signature="provideNumericInUserNamebutNotMobileNumber()[pri:10, instance:testcase.loginPageTestCaseScript@604ed9f0]" name="provideNumericInUserNamebutNotMobileNumber" duration-ms="323" started-at="2017-05-18T15:36:57Z" description="Provide Numeric As UserName but not Mobile Number then click Submit Button" finished-at="2017-05-18T15:36:57Z">
          <reporter-output>
          </reporter-output>
        </test-method> <!-- provideNumericInUserNamebutNotMobileNumber -->
        <test-method status="PASS" signature="provideCorrectUserNamebutNotMobileNumber()[pri:11, instance:testcase.loginPageTestCaseScript@604ed9f0]" name="provideCorrectUserNamebutNotMobileNumber" duration-ms="275" started-at="2017-05-18T15:36:57Z" description="Provide Correct UserName but not Mobile Number then click Submit Button" finished-at="2017-05-18T15:36:58Z">
          <reporter-output>
          </reporter-output>
        </test-method> <!-- provideCorrectUserNamebutNotMobileNumber -->
        <test-method status="PASS" signature="provideCorrectUserNameAndWrongMobileNumnber()[pri:12, instance:testcase.loginPageTestCaseScript@604ed9f0]" name="provideCorrectUserNameAndWrongMobileNumnber" duration-ms="927" started-at="2017-05-18T15:36:58Z" description="Provide Correct UserName with Wrong Mobile Number then click Submit Button" finished-at="2017-05-18T15:36:59Z">
          <reporter-output>
          </reporter-output>
        </test-method> <!-- provideCorrectUserNameAndWrongMobileNumnber -->
        <test-method status="PASS" signature="provideEmptyUserNameAndCorrectMobileNumber()[pri:13, instance:testcase.loginPageTestCaseScript@604ed9f0]" name="provideEmptyUserNameAndCorrectMobileNumber" duration-ms="376" started-at="2017-05-18T15:36:59Z" description="Provide Empty UserName with Correct Mobile Number then click Submit Button" finished-at="2017-05-18T15:36:59Z">
          <reporter-output>
          </reporter-output>
        </test-method> <!-- provideEmptyUserNameAndCorrectMobileNumber -->
        <test-method status="PASS" signature="provideWrongUserNameAndWrongMobileNumber()[pri:14, instance:testcase.loginPageTestCaseScript@604ed9f0]" name="provideWrongUserNameAndWrongMobileNumber" duration-ms="879" started-at="2017-05-18T15:36:59Z" description="Provide Wrong UserName with Wrong Mobile Number then click Submit Button" finished-at="2017-05-18T15:37:00Z">
          <reporter-output>
          </reporter-output>
        </test-method> <!-- provideWrongUserNameAndWrongMobileNumber -->
        <test-method status="PASS" signature="provideEmptyUserNameAndEmptyMobileNumber()[pri:15, instance:testcase.loginPageTestCaseScript@604ed9f0]" name="provideEmptyUserNameAndEmptyMobileNumber" duration-ms="343" started-at="2017-05-18T15:37:00Z" description="Provide Empty UserName with Empty Mobile Number then click Submit Button" finished-at="2017-05-18T15:37:00Z">
          <reporter-output>
          </reporter-output>
        </test-method> <!-- provideEmptyUserNameAndEmptyMobileNumber -->
        <test-method status="PASS" signature="clearUserNameAndPassword()[pri:16, instance:testcase.loginPageTestCaseScript@604ed9f0]" name="clearUserNameAndPassword" duration-ms="228" started-at="2017-05-18T15:37:00Z" description="Clear Username And Password" finished-at="2017-05-18T15:37:00Z">
          <reporter-output>
          </reporter-output>
        </test-method> <!-- clearUserNameAndPassword -->
        <test-method status="PASS" signature="CloseForgot()[pri:17, instance:testcase.loginPageTestCaseScript@604ed9f0]" name="CloseForgot" duration-ms="121" started-at="2017-05-18T15:37:00Z" description="close Forgot Window" finished-at="2017-05-18T15:37:01Z">
          <reporter-output>
          </reporter-output>
        </test-method> <!-- CloseForgot -->
        <test-method status="PASS" signature="validUserNameAndValidPass()[pri:18, instance:testcase.loginPageTestCaseScript@604ed9f0]" name="validUserNameAndValidPass" duration-ms="482" started-at="2017-05-18T15:37:01Z" description="Valid UserName and Valid Password" finished-at="2017-05-18T15:37:01Z">
          <reporter-output>
          </reporter-output>
        </test-method> <!-- validUserNameAndValidPass -->
        <test-method status="FAIL" signature="logout()[pri:19, instance:testcase.loginPageTestCaseScript@604ed9f0]" name="logout" duration-ms="14" started-at="2017-05-18T15:37:01Z" description="logout" finished-at="2017-05-18T15:37:01Z">
          <exception class="org.openqa.selenium.UnhandledAlertException">
            <message>
              <![CDATA[unexpected alert open: {Alert text : Please Provide Username and password}
  (Session info: chrome=58.0.3029.110)
  (Driver info: chromedriver=2.29.461591 (62ebf098771772160f391d75e589dc567915b233),platform=Windows NT 6.1.7601 SP1 x86_64) (WARNING: The server did not provide any stacktrace information)
Command duration or timeout: 4 milliseconds: null
Build info: version: 'unknown', revision: 'unknown', time: 'unknown'
System info: host: 'ADMIN-PC', ip: '192.168.1.10', os.name: 'Windows 7', os.arch: 'amd64', os.version: '6.1', java.version: '1.8.0_131'
Driver info: org.openqa.selenium.chrome.ChromeDriver
Capabilities [{applicationCacheEnabled=false, rotatable=false, mobileEmulationEnabled=false, networkConnectionEnabled=false, chrome={chromedriverVersion=2.29.461591 (62ebf098771772160f391d75e589dc567915b233), userDataDir=C:\Users\admin\AppData\Local\Temp\scoped_dir4012_3585}, takesHeapSnapshot=true, pageLoadStrategy=normal, databaseEnabled=false, handlesAlerts=true, hasTouchScreen=false, version=58.0.3029.110, platform=XP, browserConnectionEnabled=false, nativeEvents=true, acceptSslCerts=true, locationContextEnabled=true, webStorageEnabled=true, browserName=chrome, takesScreenshot=true, javascriptEnabled=true, cssSelectorsEnabled=true, unexpectedAlertBehaviour=}]
Session ID: c491e49abfe613ef48ca4a3ca94c91d2
*** Element info: {Using=xpath, value=.//*[contains(text(),'demo')]}]]>
            </message>
            <full-stacktrace>
              <![CDATA[org.openqa.selenium.UnhandledAlertException: unexpected alert open: {Alert text : Please Provide Username and password}
  (Session info: chrome=58.0.3029.110)
  (Driver info: chromedriver=2.29.461591 (62ebf098771772160f391d75e589dc567915b233),platform=Windows NT 6.1.7601 SP1 x86_64) (WARNING: The server did not provide any stacktrace information)
Command duration or timeout: 4 milliseconds: null
Build info: version: 'unknown', revision: 'unknown', time: 'unknown'
System info: host: 'ADMIN-PC', ip: '192.168.1.10', os.name: 'Windows 7', os.arch: 'amd64', os.version: '6.1', java.version: '1.8.0_131'
Driver info: org.openqa.selenium.chrome.ChromeDriver
Capabilities [{applicationCacheEnabled=false, rotatable=false, mobileEmulationEnabled=false, networkConnectionEnabled=false, chrome={chromedriverVersion=2.29.461591 (62ebf098771772160f391d75e589dc567915b233), userDataDir=C:\Users\admin\AppData\Local\Temp\scoped_dir4012_3585}, takesHeapSnapshot=true, pageLoadStrategy=normal, databaseEnabled=false, handlesAlerts=true, hasTouchScreen=false, version=58.0.3029.110, platform=XP, browserConnectionEnabled=false, nativeEvents=true, acceptSslCerts=true, locationContextEnabled=true, webStorageEnabled=true, browserName=chrome, takesScreenshot=true, javascriptEnabled=true, cssSelectorsEnabled=true, unexpectedAlertBehaviour=}]
Session ID: c491e49abfe613ef48ca4a3ca94c91d2
*** Element info: {Using=xpath, value=.//*[contains(text(),'demo')]}
	at sun.reflect.NativeConstructorAccessorImpl.newInstance0(Native Method)
	at sun.reflect.NativeConstructorAccessorImpl.newInstance(Unknown Source)
	at sun.reflect.DelegatingConstructorAccessorImpl.newInstance(Unknown Source)
	at java.lang.reflect.Constructor.newInstance(Unknown Source)
	at org.openqa.selenium.remote.ErrorHandler.createThrowable(ErrorHandler.java:215)
	at org.openqa.selenium.remote.ErrorHandler.throwIfResponseFailed(ErrorHandler.java:173)
	at org.openqa.selenium.remote.RemoteWebDriver.execute(RemoteWebDriver.java:671)
	at org.openqa.selenium.remote.RemoteWebDriver.findElements(RemoteWebDriver.java:437)
	at org.openqa.selenium.remote.RemoteWebDriver.findElementsByXPath(RemoteWebDriver.java:513)
	at org.openqa.selenium.By$ByXPath.findElements(By.java:356)
	at org.openqa.selenium.remote.RemoteWebDriver.findElements(RemoteWebDriver.java:398)
	at org.openqa.selenium.support.ui.ExpectedConditions.findElement(ExpectedConditions.java:882)
	at org.openqa.selenium.support.ui.ExpectedConditions.access$000(ExpectedConditions.java:44)
	at org.openqa.selenium.support.ui.ExpectedConditions$7.apply(ExpectedConditions.java:206)
	at org.openqa.selenium.support.ui.ExpectedConditions$7.apply(ExpectedConditions.java:202)
	at org.openqa.selenium.support.ui.FluentWait.until(FluentWait.java:209)
	at pageMethod.loginPage.logout(loginPage.java:150)
	at testcase.loginPageTestCaseScript.logout(loginPageTestCaseScript.java:378)
	at sun.reflect.NativeMethodAccessorImpl.invoke0(Native Method)
	at sun.reflect.NativeMethodAccessorImpl.invoke(Unknown Source)
	at sun.reflect.DelegatingMethodAccessorImpl.invoke(Unknown Source)
	at java.lang.reflect.Method.invoke(Unknown Source)
	at org.testng.internal.MethodInvocationHelper.invokeMethod(MethodInvocationHelper.java:108)
	at org.testng.internal.Invoker.invokeMethod(Invoker.java:661)
	at org.testng.internal.Invoker.invokeTestMethod(Invoker.java:869)
	at org.testng.internal.Invoker.invokeTestMethods(Invoker.java:1193)
	at org.testng.internal.TestMethodWorker.invokeTestMethods(TestMethodWorker.java:126)
	at org.testng.internal.TestMethodWorker.run(TestMethodWorker.java:109)
	at org.testng.TestRunner.privateRun(TestRunner.java:744)
	at org.testng.TestRunner.run(TestRunner.java:602)
	at org.testng.SuiteRunner.runTest(SuiteRunner.java:380)
	at org.testng.SuiteRunner.runSequentially(SuiteRunner.java:375)
	at org.testng.SuiteRunner.privateRun(SuiteRunner.java:340)
	at org.testng.SuiteRunner.run(SuiteRunner.java:289)
	at org.testng.SuiteRunnerWorker.runSuite(SuiteRunnerWorker.java:52)
	at org.testng.SuiteRunnerWorker.run(SuiteRunnerWorker.java:86)
	at org.testng.TestNG.runSuitesSequentially(TestNG.java:1301)
	at org.testng.TestNG.runSuitesLocally(TestNG.java:1226)
	at org.testng.TestNG.runSuites(TestNG.java:1144)
	at org.testng.TestNG.run(TestNG.java:1115)
	at org.testng.remote.AbstractRemoteTestNG.run(AbstractRemoteTestNG.java:132)
	at org.testng.remote.RemoteTestNG.initAndRun(RemoteTestNG.java:230)
	at org.testng.remote.RemoteTestNG.main(RemoteTestNG.java:76)
]]>
            </full-stacktrace>
          </exception> <!-- org.openqa.selenium.UnhandledAlertException -->
          <reporter-output>
          </reporter-output>
        </test-method> <!-- logout -->
        <test-method status="PASS" signature="afterMethod()[pri:0, instance:testcase.loginPageTestCaseScript@604ed9f0]" name="afterMethod" is-config="true" duration-ms="782" started-at="2017-05-18T15:37:01Z" finished-at="2017-05-18T15:37:02Z">
          <reporter-output>
          </reporter-output>
        </test-method> <!-- afterMethod -->
      </class> <!-- testcase.loginPageTestCaseScript -->
    </test> <!-- Default test -->
  </suite> <!-- Default suite -->
</testng-results>
