<?xml version="1.0" encoding="UTF-8"?>
<!-- Generated by org.testng.reporters.JUnitXMLReporter -->
<testsuite hostname="admin-PC" ignored="1" name="Test" tests="18" failures="0" timestamp="19 May 2017 02:45:23 GMT" time="23.693" errors="0">
  <testcase name="validUserNameAndInvalidPass" time="2.92" classname="testcase.loginPageTestCaseScript"/>
  <testcase name="invalidUserNameAndValidPass" time="1.366" classname="testcase.loginPageTestCaseScript"/>
  <testcase name="validUserNameAndEmptyPass" time="0.336" classname="testcase.loginPageTestCaseScript"/>
  <testcase name="emptyUserNameAndValidPass" time="0.241" classname="testcase.loginPageTestCaseScript"/>
  <testcase name="wrongUserNameAndWrongPass" time="1.483" classname="testcase.loginPageTestCaseScript"/>
  <testcase name="emptyUserNameAndEmptyPass" time="0.328" classname="testcase.loginPageTestCaseScript"/>
  <testcase name="clickForgotLink" time="0.11" classname="testcase.loginPageTestCaseScript"/>
  <testcase name="provideUserDigitbutNotMobileNumber" time="0.65" classname="testcase.loginPageTestCaseScript"/>
  <testcase name="provideEmailInUserNamebutNotMobileNumber" time="0.432" classname="testcase.loginPageTestCaseScript"/>
  <testcase name="provideNumericInUserNamebutNotMobileNumber" time="0.331" classname="testcase.loginPageTestCaseScript"/>
  <testcase name="provideCorrectUserNamebutNotMobileNumber" time="0.265" classname="testcase.loginPageTestCaseScript"/>
  <testcase name="provideCorrectUserNameAndWrongMobileNumnber" time="0.909" classname="testcase.loginPageTestCaseScript"/>
  <testcase name="provideEmptyUserNameAndCorrectMobileNumber" time="0.343" classname="testcase.loginPageTestCaseScript"/>
  <testcase name="provideWrongUserNameAndWrongMobileNumber" time="0.894" classname="testcase.loginPageTestCaseScript"/>
  <testcase name="provideEmptyUserNameAndEmptyMobileNumber" time="0.292" classname="testcase.loginPageTestCaseScript"/>
  <testcase name="clearUserNameAndPassword" time="0.175" classname="testcase.loginPageTestCaseScript"/>
  <testcase name="CloseForgot" time="0.093" classname="testcase.loginPageTestCaseScript"/>
  <testcase name="validUserNameAndValidPass" time="10.751" classname="testcase.loginPageTestCaseScript"/>
  <testcase name="provideCorrectUserNameAndCorrectMobileNumber" time="0.0" classname="testcase.loginPageTestCaseScript">
    <ignored/>
  </testcase> <!-- provideCorrectUserNameAndCorrectMobileNumber -->
</testsuite> <!-- Test -->
